2025-07-22 06:28:00,809 - INFO - Starting backup process for project: AutomatedBackupProject
2025-07-22 06:28:00,809 - INFO - Project path: /home/apame09/my_sample_project_to_backup
2025-07-22 06:28:00,809 - INFO - Creating backup of '/home/apame09/my_sample_project_to_backup' to '/home/apame09/backups/AutomatedBackupProject/2025/07/22/AutomatedBackupProject_20250722_062800.zip'...
2025-07-22 06:28:00,810 - DEBUG - Adding file to zip: /home/apame09/my_sample_project_to_backup/file2.md as file2.md
2025-07-22 06:28:00,810 - DEBUG - Adding file to zip: /home/apame09/my_sample_project_to_backup/file1.txt as file1.txt
2025-07-22 06:28:00,810 - DEBUG - Adding file to zip: /home/apame09/my_sample_project_to_backup/src/main.py as src/main.py
2025-07-22 06:28:00,810 - INFO - Backup created successfully: /home/apame09/backups/AutomatedBackupProject/2025/07/22/AutomatedBackupProject_20250722_062800.zip (Contains 3 files).
2025-07-22 06:28:00,810 - INFO - Uploading '/home/apame09/backups/AutomatedBackupProject/2025/07/22/AutomatedBackupProject_20250722_062800.zip' to Google Drive folder 'automatedBackup:ProjectBackups'...
2025-07-22 06:28:05,214 - INFO - Google Drive upload successful. Output:

2025-07-22 06:28:05,214 - INFO - Backup successfully created and uploaded.
2025-07-22 06:28:05,214 - INFO - Applying retention policy...
2025-07-22 06:28:05,217 - INFO - Applying daily retention (keeping last 7 backups overall)...
2025-07-22 06:28:05,217 - INFO - Applying weekly retention (keeping last 4 Sundays)...
2025-07-22 06:28:05,217 - INFO - Applying monthly retention (keeping latest for last 3 months)...
2025-07-22 06:28:05,217 - INFO - Identifying and deleting old backups...
2025-07-22 06:28:05,217 - INFO - Retention policy applied. Total deleted: 0 files.
2025-07-22 06:28:05,217 - INFO - No old backups found to delete based on current policy.
2025-07-22 06:28:05,218 - INFO - Sending notification to https://webhook.site/7f25bc7d-de42-4518-ae81-90459237ed55 with status: BackupSuccessful...
2025-07-22 06:28:05,219 - DEBUG - Starting new HTTPS connection (1): webhook.site:443
2025-07-22 06:28:05,909 - DEBUG - https://webhook.site:443 "POST /7f25bc7d-de42-4518-ae81-90459237ed55 HTTP/1.1" 200 None
2025-07-22 06:28:05,910 - INFO - Notification sent successfully. Response: 200
2025-07-22 06:28:05,910 - INFO - Backup process completed.
